<?xml version="1.0" encoding="UTF-8"?>
<!-- Generated by org.testng.reporters.JUnitReportReporter -->
<testsuite hostname="DESKTOP-I0BVM3E" failures="0" tests="8" name="com.entrat.testclasses.TC_nevigatetosigninTEST" time="21.039" errors="0" timestamp="2024-02-11T22:45:00 IST" skipped="0">
  <testcase classname="com.entrat.testclasses.TC_nevigatetosigninTEST" name="lauchbrower" time="0.459"/>
  <system-out/>
  <testcase classname="com.entrat.testclasses.TC_nevigatetosigninTEST" name="verifySignInPage" time="2.370"/>
  <system-out/>
  <testcase classname="com.entrat.testclasses.TC_nevigatetosigninTEST" name="nagvigatingToHomeScreen" time="3.404"/>
  <system-out/>
  <testcase classname="com.entrat.testclasses.TC_nevigatetosigninTEST" name="ResidentialClick" time="7.083"/>
  <system-out/>
  <testcase classname="com.entrat.testclasses.TC_nevigatetosigninTEST" name="LanguageDropDown" time="5.496"/>
  <system-out/>
  <testcase classname="com.entrat.testclasses.TC_nevigatetosigninTEST" name="viewWebsite" time="0.361"/>
  <system-out/>
  <testcase classname="com.entrat.testclasses.TC_nevigatetosigninTEST" name="contactUs" time="0.121"/>
  <system-out/>
  <testcase classname="com.entrat.testclasses.TC_nevigatetosigninTEST" name="fillContactInfo" time="1.745"/>
  <system-out/>
</testsuite> <!-- com.entrat.testclasses.TC_nevigatetosigninTEST -->
