<?xml version="1.0" encoding="UTF-8"?>
<!-- Generated by org.testng.reporters.JUnitReportReporter -->
<testsuite hostname="DESKTOP-I0BVM3E" failures="0" tests="8" name="com.entrat.testclasses.TC_nevigatetosigninTEST" time="15.079" errors="0" timestamp="2024-02-11T20:58:27 IST" skipped="0">
  <testcase classname="com.entrat.testclasses.TC_nevigatetosigninTEST" name="lauchbrower" time="0.335"/>
  <system-out/>
  <testcase classname="com.entrat.testclasses.TC_nevigatetosigninTEST" name="verifySignInPage" time="2.139"/>
  <system-out/>
  <testcase classname="com.entrat.testclasses.TC_nevigatetosigninTEST" name="nagvigatingToHomeScreen" time="3.840"/>
  <system-out/>
  <testcase classname="com.entrat.testclasses.TC_nevigatetosigninTEST" name="ResidentialClick" time="4.179"/>
  <system-out/>
  <testcase classname="com.entrat.testclasses.TC_nevigatetosigninTEST" name="LanguageDropDown" time="3.057"/>
  <system-out/>
  <testcase classname="com.entrat.testclasses.TC_nevigatetosigninTEST" name="viewWebsite" time="0.167"/>
  <system-out/>
  <testcase classname="com.entrat.testclasses.TC_nevigatetosigninTEST" name="contactUs" time="0.096"/>
  <system-out/>
  <testcase classname="com.entrat.testclasses.TC_nevigatetosigninTEST" name="fillContactInfo" time="1.266"/>
  <system-out/>
</testsuite> <!-- com.entrat.testclasses.TC_nevigatetosigninTEST -->
